Using pre-set license
Built from '2021.3/staging' branch; Version is '2021.3.9f1 (ad3870b89536) revision 11352176'; Using compiler version '192829333'; Build Type 'Release'
OS: 'Windows 11  (10.0.22621) 64bit Core' Language: 'en' Physical Memory: 16088 MB
BatchMode: 1, IsHumanControllingUs: 0, StartBugReporterOnCrash: 0, Is64bit: 1, IsPro: 1

COMMAND LINE ARGUMENTS:
C:\Program Files\Unity\Hub\Editor\2021.3.9f1\Editor\Unity.exe
-adb2
-batchMode
-noUpm
-name
AssetImportWorker3
-projectPath
C:/Users/Daniel/Documents/GitHub/EcoZonaAR
-logFile
Logs/AssetImportWorker3.log
-srvPort
51403
Successfully changed project path to: C:/Users/Daniel/Documents/GitHub/EcoZonaAR
C:/Users/Daniel/Documents/GitHub/EcoZonaAR
[UnityMemory] Configuration Parameters - Can be set up in boot.config
    "memorysetup-bucket-allocator-granularity=16"
    "memorysetup-bucket-allocator-bucket-count=8"
    "memorysetup-bucket-allocator-block-size=33554432"
    "memorysetup-bucket-allocator-block-count=8"
    "memorysetup-main-allocator-block-size=16777216"
    "memorysetup-thread-allocator-block-size=16777216"
    "memorysetup-gfx-main-allocator-block-size=16777216"
    "memorysetup-gfx-thread-allocator-block-size=16777216"
    "memorysetup-cache-allocator-block-size=4194304"
    "memorysetup-typetree-allocator-block-size=2097152"
    "memorysetup-profiler-bucket-allocator-granularity=16"
    "memorysetup-profiler-bucket-allocator-bucket-count=8"
    "memorysetup-profiler-bucket-allocator-block-size=33554432"
    "memorysetup-profiler-bucket-allocator-block-count=8"
    "memorysetup-profiler-allocator-block-size=16777216"
    "memorysetup-profiler-editor-allocator-block-size=1048576"
    "memorysetup-temp-allocator-size-main=16777216"
    "memorysetup-job-temp-allocator-block-size=2097152"
    "memorysetup-job-temp-allocator-block-size-background=1048576"
    "memorysetup-job-temp-allocator-reduction-small-platforms=262144"
    "memorysetup-temp-allocator-size-background-worker=32768"
    "memorysetup-temp-allocator-size-job-worker=262144"
    "memorysetup-temp-allocator-size-preload-manager=33554432"
    "memorysetup-temp-allocator-size-nav-mesh-worker=65536"
    "memorysetup-temp-allocator-size-audio-worker=65536"
    "memorysetup-temp-allocator-size-cloud-worker=32768"
    "memorysetup-temp-allocator-size-gi-baking-worker=262144"
    "memorysetup-temp-allocator-size-gfx=262144"
Refreshing native plugins compatible for Editor in 165.63 ms, found 7 plugins.
Preloading 2 native plugins for Editor in 3.12 ms.
Initialize engine version: 2021.3.9f1 (ad3870b89536)
[Subsystems] Discovering subsystems at path C:/Program Files/Unity/Hub/Editor/2021.3.9f1/Editor/Data/Resources/UnitySubsystems
[Subsystems] Discovering subsystems at path C:/Users/Daniel/Documents/GitHub/EcoZonaAR/Assets
GfxDevice: creating device client; threaded=0; jobified=0
Direct3D:
    Version:  Direct3D 11.0 [level 11.1]
    Renderer: Intel(R) Iris(R) Xe Graphics (ID=0x46a6)
    Vendor:   Intel
    VRAM:     8044 MB
    Driver:   30.0.101.1298
Initialize mono
Mono path[0] = 'C:/Program Files/Unity/Hub/Editor/2021.3.9f1/Editor/Data/Managed'
Mono path[1] = 'C:/Program Files/Unity/Hub/Editor/2021.3.9f1/Editor/Data/MonoBleedingEdge/lib/mono/unityjit-win32'
Mono config path = 'C:/Program Files/Unity/Hub/Editor/2021.3.9f1/Editor/Data/MonoBleedingEdge/etc'
Using monoOptions --debugger-agent=transport=dt_socket,embedding=1,server=y,suspend=n,address=127.0.0.1:56412
Begin MonoManager ReloadAssembly
Registering precompiled unity dll's ...
Register platform support module: C:/Program Files/Unity/Hub/Editor/2021.3.9f1/Editor/Data/PlaybackEngines/AndroidPlayer/UnityEditor.Android.Extensions.dll
Register platform support module: C:/Program Files/Unity/Hub/Editor/2021.3.9f1/Editor/Data/PlaybackEngines/iOSSupport/UnityEditor.iOS.Extensions.dll
Register platform support module: C:/Program Files/Unity/Hub/Editor/2021.3.9f1/Editor/Data/PlaybackEngines/WindowsStandaloneSupport/UnityEditor.WindowsStandalone.Extensions.dll
Registered in 0.005268 seconds.
Native extension for WindowsStandalone target not found
[usbmuxd] Start listen thread
[usbmuxd] Listen thread started
Native extension for iOS target not found
Native extension for Android target not found
Refreshing native plugins compatible for Editor in 162.80 ms, found 7 plugins.
Preloading 2 native plugins for Editor in 0.14 ms.
Mono: successfully reloaded assembly
- Completed reload, in  0.855 seconds
Domain Reload Profiling:
	ReloadAssembly (855ms)
		BeginReloadAssembly (78ms)
			ExecutionOrderSort (0ms)
			DisableScriptedObjects (0ms)
			BackupInstance (0ms)
			ReleaseScriptingObjects (0ms)
			CreateAndSetChildDomain (1ms)
		EndReloadAssembly (661ms)
			LoadAssemblies (76ms)
			RebuildTransferFunctionScriptingTraits (0ms)
			SetupTypeCache (124ms)
			ReleaseScriptCaches (0ms)
			RebuildScriptCaches (35ms)
			SetupLoadedEditorAssemblies (399ms)
				LogAssemblyErrors (0ms)
				InitializePlatformSupportModulesInManaged (74ms)
				SetLoadedEditorAssemblies (0ms)
				RefreshPlugins (163ms)
				BeforeProcessingInitializeOnLoad (3ms)
				ProcessInitializeOnLoadAttributes (107ms)
				ProcessInitializeOnLoadMethodAttributes (52ms)
				AfterProcessingInitializeOnLoad (0ms)
				EditorAssembliesLoaded (0ms)
			ExecutionOrderSort2 (0ms)
			AwakeInstancesAfterBackupRestoration (0ms)
Platform modules already initialized, skipping
Registering precompiled user dll's ...
Registered in 0.013167 seconds.
Begin MonoManager ReloadAssembly
Symbol file LoadedFromMemory doesn't match image C:\Users\Daniel\Documents\GitHub\EcoZonaAR\Library\PackageCache\com.unity.visualscripting@1.7.8\Editor\VisualScripting.Core\Dependencies\DotNetZip\Unity.VisualScripting.IonicZip.dll
Symbol file LoadedFromMemory doesn't match image C:\Users\Daniel\Documents\GitHub\EcoZonaAR\Library\PackageCache\com.unity.visualscripting@1.7.8\Editor\VisualScripting.Core\Dependencies\YamlDotNet\Unity.VisualScripting.YamlDotNet.dll
Native extension for WindowsStandalone target not found
Native extension for iOS target not found
Native extension for Android target not found
Refreshing native plugins compatible for Editor in 421.66 ms, found 7 plugins.
Preloading 2 native plugins for Editor in 0.24 ms.
Mono: successfully reloaded assembly
- Completed reload, in  3.028 seconds
Domain Reload Profiling:
	ReloadAssembly (3030ms)
		BeginReloadAssembly (264ms)
			ExecutionOrderSort (0ms)
			DisableScriptedObjects (6ms)
			BackupInstance (0ms)
			ReleaseScriptingObjects (0ms)
			CreateAndSetChildDomain (147ms)
		EndReloadAssembly (2611ms)
			LoadAssemblies (166ms)
			RebuildTransferFunctionScriptingTraits (0ms)
			SetupTypeCache (356ms)
			ReleaseScriptCaches (1ms)
			RebuildScriptCaches (229ms)
			SetupLoadedEditorAssemblies (1706ms)
				LogAssemblyErrors (0ms)
				InitializePlatformSupportModulesInManaged (44ms)
				SetLoadedEditorAssemblies (0ms)
				RefreshPlugins (422ms)
				BeforeProcessingInitializeOnLoad (238ms)
				ProcessInitializeOnLoadAttributes (809ms)
				ProcessInitializeOnLoadMethodAttributes (179ms)
				AfterProcessingInitializeOnLoad (12ms)
				EditorAssembliesLoaded (1ms)
			ExecutionOrderSort2 (0ms)
			AwakeInstancesAfterBackupRestoration (13ms)
Platform modules already initialized, skipping
========================================================================
Worker process is ready to serve import requests
Launched and connected shader compiler UnityShaderCompiler.exe after 0.05 seconds

=================================================================
	Native Crash Reporting
=================================================================
Got a UNKNOWN while executing native code. This usually indicates
a fatal error in the mono runtime or one of the native libraries 
used by your application.
=================================================================

=================================================================
	Managed Stacktrace:
=================================================================
=================================================================
Received signal SIGSEGV
Obtained 44 stack frames
0x00007ffdc6a4301c (igd10iumd64) ctlInit
0x00007ffdc6a407cf (igd10iumd64) ctlInit
0x00007ffdc6a3fb9d (igd10iumd64) ctlInit
0x00007ffdc682a483 (igd10iumd64) 
0x00007ffdc69b0d2b (igd10iumd64) ctlInit
0x00007ffdc682d238 (igd10iumd64) 
0x00007ffdc682d18a (igd10iumd64) 
0x00007ffdc682d4c4 (igd10iumd64) 
0x00007ffdc693afab (igd10iumd64) ctlInit
0x00007ffdce792e73 (d3d11) EnableFeatureLevelUpgrade
0x00007ffdce796da5 (d3d11) EnableFeatureLevelUpgrade
0x00007ffdce79f588 (d3d11) EnableFeatureLevelUpgrade
0x00007ffdce7a049c (d3d11) EnableFeatureLevelUpgrade
0x00007ffdce7a0ec4 (d3d11) EnableFeatureLevelUpgrade
0x00007ffdce7971c6 (d3d11) EnableFeatureLevelUpgrade
0x00007ffdce797102 (d3d11) EnableFeatureLevelUpgrade
0x00007ffdce796e78 (d3d11) EnableFeatureLevelUpgrade
0x00007ff60f00cdc4 (Unity) D3D11PixelShader::D3D11PixelShader
0x00007ff60ee19235 (Unity) CreateGpuProgram
0x00007ff60f0a9965 (Unity) GfxDeviceClient::CreateGpuProgram
0x00007ff60ecb3ca0 (Unity) ShaderLab::SubProgram::Compile
0x00007ff60f98d841 (Unity) FinalizeVariant
0x00007ff60f98faf8 (Unity) GetSubProgramForShaderSnippet
0x00007ff60ecb44d0 (Unity) ShaderLab::Program::CompileShaderSubProgram
0x00007ff60ecb54d3 (Unity) ShaderLab::Program::GetMatchingSubProgram
0x00007ff60ecbbe6c (Unity) ShaderLab::ShaderState::FindSubProgramsToUse
0x00007ff60ecaf377 (Unity) ShaderLab::Pass::PrepareVariant
0x00007ff60ec9ea8b (Unity) ShaderVariantCollection::WarmupOneShaderImpl
0x00007ff60ec9f30a (Unity) ShaderVariantCollection::WarmupShadersImpl
0x00007ff60f999006 (Unity) WarmupEditorShaders
0x00007ff610614cde (Unity) Shader::ReloadAllShaders
0x00007ff6102bf87d (Unity) <lambda_e271adb3fdcdae88188b85062dfac5cb>::operator()
0x00007ff610300162 (Unity) asio::detail::completion_handler<core::mutable_function<void __cdecl(void)>,asio::io_context::basic_executor_type<std::allocator<void>,0> >::do_complete
0x00007ff6102ec04e (Unity) asio::detail::win_iocp_io_context::do_one
0x00007ff6102edc7e (Unity) asio::detail::win_iocp_io_context::run
0x00007ff6102fe54e (Unity) IOService::Run
0x00007ff6102d113f (Unity) AssetImportWorkerClient::Run
0x00007ff61029b593 (Unity) RunAssetImportWorkerClientV2
0x00007ff61029b61b (Unity) RunAssetImporterV2
0x00007ff60fac10d8 (Unity) Application::InitializeProject
0x00007ff60ff1f828 (Unity) WinMain
0x00007ff6112a421e (Unity) __scrt_common_main_seh
0x00007ffdd4c026ad (KERNEL32) BaseThreadInitThunk
0x00007ffdd564a9f8 (ntdll) RtlUserThreadStart

