Using pre-set license
Built from '2021.3/staging' branch; Version is '2021.3.9f1 (ad3870b89536) revision 11352176'; Using compiler version '192829333'; Build Type 'Release'
OS: 'Windows 11  (10.0.22621) 64bit Core' Language: 'ja' Physical Memory: 16088 MB
BatchMode: 1, IsHumanControllingUs: 0, StartBugReporterOnCrash: 0, Is64bit: 1, IsPro: 1

COMMAND LINE ARGUMENTS:
C:\Program Files\Unity\Hub\Editor\2021.3.9f1\Editor\Unity.exe
-adb2
-batchMode
-noUpm
-name
AssetImportWorker5
-projectPath
C:/Users/Daniel/Documents/GitHub/EcoZonaAR
-logFile
Logs/AssetImportWorker5.log
-srvPort
52595
Successfully changed project path to: C:/Users/Daniel/Documents/GitHub/EcoZonaAR
C:/Users/Daniel/Documents/GitHub/EcoZonaAR
[UnityMemory] Configuration Parameters - Can be set up in boot.config
    "memorysetup-bucket-allocator-granularity=16"
    "memorysetup-bucket-allocator-bucket-count=8"
    "memorysetup-bucket-allocator-block-size=33554432"
    "memorysetup-bucket-allocator-block-count=8"
    "memorysetup-main-allocator-block-size=16777216"
    "memorysetup-thread-allocator-block-size=16777216"
    "memorysetup-gfx-main-allocator-block-size=16777216"
    "memorysetup-gfx-thread-allocator-block-size=16777216"
    "memorysetup-cache-allocator-block-size=4194304"
    "memorysetup-typetree-allocator-block-size=2097152"
    "memorysetup-profiler-bucket-allocator-granularity=16"
    "memorysetup-profiler-bucket-allocator-bucket-count=8"
    "memorysetup-profiler-bucket-allocator-block-size=33554432"
    "memorysetup-profiler-bucket-allocator-block-count=8"
    "memorysetup-profiler-allocator-block-size=16777216"
    "memorysetup-profiler-editor-allocator-block-size=1048576"
    "memorysetup-temp-allocator-size-main=16777216"
    "memorysetup-job-temp-allocator-block-size=2097152"
    "memorysetup-job-temp-allocator-block-size-background=1048576"
    "memorysetup-job-temp-allocator-reduction-small-platforms=262144"
    "memorysetup-temp-allocator-size-background-worker=32768"
    "memorysetup-temp-allocator-size-job-worker=262144"
    "memorysetup-temp-allocator-size-preload-manager=33554432"
    "memorysetup-temp-allocator-size-nav-mesh-worker=65536"
    "memorysetup-temp-allocator-size-audio-worker=65536"
    "memorysetup-temp-allocator-size-cloud-worker=32768"
    "memorysetup-temp-allocator-size-gi-baking-worker=262144"
    "memorysetup-temp-allocator-size-gfx=262144"
Refreshing native plugins compatible for Editor in 110.08 ms, found 6 plugins.
Preloading 2 native plugins for Editor in 2.82 ms.
Initialize engine version: 2021.3.9f1 (ad3870b89536)
[Subsystems] Discovering subsystems at path C:/Program Files/Unity/Hub/Editor/2021.3.9f1/Editor/Data/Resources/UnitySubsystems
[Subsystems] Discovering subsystems at path C:/Users/Daniel/Documents/GitHub/EcoZonaAR/Assets
GfxDevice: creating device client; threaded=0; jobified=0
Direct3D:
    Version:  Direct3D 11.0 [level 11.1]
    Renderer: NVIDIA GeForce RTX 3060 Laptop GPU (ID=0x2520)
    Vendor:   NVIDIA
    VRAM:     6009 MB
    Driver:   31.0.15.3179
Initialize mono
Mono path[0] = 'C:/Program Files/Unity/Hub/Editor/2021.3.9f1/Editor/Data/Managed'
Mono path[1] = 'C:/Program Files/Unity/Hub/Editor/2021.3.9f1/Editor/Data/MonoBleedingEdge/lib/mono/unityjit-win32'
Mono config path = 'C:/Program Files/Unity/Hub/Editor/2021.3.9f1/Editor/Data/MonoBleedingEdge/etc'
Using monoOptions --debugger-agent=transport=dt_socket,embedding=1,server=y,suspend=n,address=127.0.0.1:56688
Begin MonoManager ReloadAssembly
Registering precompiled unity dll's ...
Register platform support module: C:/Program Files/Unity/Hub/Editor/2021.3.9f1/Editor/Data/PlaybackEngines/AndroidPlayer/UnityEditor.Android.Extensions.dll
Register platform support module: C:/Program Files/Unity/Hub/Editor/2021.3.9f1/Editor/Data/PlaybackEngines/iOSSupport/UnityEditor.iOS.Extensions.dll
Register platform support module: C:/Program Files/Unity/Hub/Editor/2021.3.9f1/Editor/Data/PlaybackEngines/WindowsStandaloneSupport/UnityEditor.WindowsStandalone.Extensions.dll
Registered in 0.004843 seconds.
Native extension for WindowsStandalone target not found
[usbmuxd] Start listen thread
[usbmuxd] Listen thread started
Native extension for iOS target not found
Native extension for Android target not found
Refreshing native plugins compatible for Editor in 104.80 ms, found 6 plugins.
Preloading 2 native plugins for Editor in 0.12 ms.
Mono: successfully reloaded assembly
- Completed reload, in  0.633 seconds
Domain Reload Profiling:
	ReloadAssembly (634ms)
		BeginReloadAssembly (64ms)
			ExecutionOrderSort (0ms)
			DisableScriptedObjects (0ms)
			BackupInstance (0ms)
			ReleaseScriptingObjects (0ms)
			CreateAndSetChildDomain (1ms)
		EndReloadAssembly (468ms)
			LoadAssemblies (62ms)
			RebuildTransferFunctionScriptingTraits (0ms)
			SetupTypeCache (97ms)
			ReleaseScriptCaches (0ms)
			RebuildScriptCaches (27ms)
			SetupLoadedEditorAssemblies (295ms)
				LogAssemblyErrors (0ms)
				InitializePlatformSupportModulesInManaged (60ms)
				SetLoadedEditorAssemblies (0ms)
				RefreshPlugins (105ms)
				BeforeProcessingInitializeOnLoad (1ms)
				ProcessInitializeOnLoadAttributes (88ms)
				ProcessInitializeOnLoadMethodAttributes (41ms)
				AfterProcessingInitializeOnLoad (0ms)
				EditorAssembliesLoaded (0ms)
			ExecutionOrderSort2 (0ms)
			AwakeInstancesAfterBackupRestoration (0ms)
Platform modules already initialized, skipping
Registering precompiled user dll's ...
Registered in 0.009487 seconds.
Begin MonoManager ReloadAssembly
Symbol file LoadedFromMemory doesn't match image C:\Users\Daniel\Documents\GitHub\EcoZonaAR\Library\PackageCache\com.unity.visualscripting@1.7.8\Editor\VisualScripting.Core\Dependencies\DotNetZip\Unity.VisualScripting.IonicZip.dll
Symbol file LoadedFromMemory doesn't match image C:\Users\Daniel\Documents\GitHub\EcoZonaAR\Library\PackageCache\com.unity.visualscripting@1.7.8\Editor\VisualScripting.Core\Dependencies\YamlDotNet\Unity.VisualScripting.YamlDotNet.dll
Native extension for WindowsStandalone target not found
Native extension for iOS target not found
Native extension for Android target not found
Refreshing native plugins compatible for Editor in 134.60 ms, found 6 plugins.
Preloading 2 native plugins for Editor in 0.14 ms.
Mono: successfully reloaded assembly
- Completed reload, in  4.372 seconds
Domain Reload Profiling:
	ReloadAssembly (4373ms)
		BeginReloadAssembly (210ms)
			ExecutionOrderSort (0ms)
			DisableScriptedObjects (6ms)
			BackupInstance (0ms)
			ReleaseScriptingObjects (0ms)
			CreateAndSetChildDomain (130ms)
		EndReloadAssembly (4054ms)
			LoadAssemblies (79ms)
			RebuildTransferFunctionScriptingTraits (0ms)
			SetupTypeCache (1056ms)
			ReleaseScriptCaches (1ms)
			RebuildScriptCaches (86ms)
			SetupLoadedEditorAssemblies (2775ms)
				LogAssemblyErrors (0ms)
				InitializePlatformSupportModulesInManaged (20ms)
				SetLoadedEditorAssemblies (0ms)
				RefreshPlugins (135ms)
				BeforeProcessingInitializeOnLoad (112ms)
				ProcessInitializeOnLoadAttributes (467ms)
				ProcessInitializeOnLoadMethodAttributes (2035ms)
				AfterProcessingInitializeOnLoad (5ms)
				EditorAssembliesLoaded (0ms)
			ExecutionOrderSort2 (0ms)
			AwakeInstancesAfterBackupRestoration (6ms)
Platform modules already initialized, skipping
========================================================================
Worker process is ready to serve import requests
Launched and connected shader compiler UnityShaderCompiler.exe after 0.05 seconds
Refreshing native plugins compatible for Editor in 1.11 ms, found 6 plugins.
Preloading 2 native plugins for Editor in 0.14 ms.
Unloading 5804 Unused Serialized files (Serialized files now loaded: 0)
Unloading 59 unused Assets / (0.7 MB). Loaded Objects now: 6563.
Memory consumption went from 255.0 MB to 254.3 MB.
Total: 4.846500 ms (FindLiveObjects: 0.399200 ms CreateObjectMapping: 0.240700 ms MarkObjects: 3.884400 ms  DeleteObjects: 0.321500 ms)

AssetImportParameters requested are different than current active one (requested -> active):
  custom:video-decoder-ogg-theora: a1e56fd34408186e4bbccfd4996cb3dc -> 
  custom:container-muxer-webm: aa71ff27fc2769a1b78a27578f13a17b -> 
  custom:container-demuxer-webm: 4f35f7cbe854078d1ac9338744f61a02 -> 
  custom:video-encoder-webm-vp8: eb34c28f22e8b96e1ab97ce403110664 -> 
  custom:video-codec-MediaFoundation-h265: 746d11721c4dcdbdad8f713fa42b33f4 -> 
  custom:audio-encoder-webm-vorbis: bf7c407c2cedff20999df2af8eb42d56 -> 
  custom:framework-win-MediaFoundation: 216162199b28c13a410421893ffa2e32 -> 
  custom:container-demuxer-ogg: 62fdf1f143b41e24485cea50d1cbac27 -> 
  custom:video-decoder-webm-vp8: 9c59270c3fd7afecdb556c50c9e8de78 -> 
  custom:audio-decoder-ogg-vorbis: bf7c407c2cedff20999df2af8eb42d56 -> 
========================================================================
Received Import Request.
  Time since last request: 101129.750644 seconds.
  path: Assets/Maqueta/AR Targets/arbol.jpg
  artifactKey: Guid(155d4d25c2256bb4e85ed69936b316be) Importer(815301076,1909f56bfc062723c751e8b465ee728b)
Start importing Assets/Maqueta/AR Targets/arbol.jpg using Guid(155d4d25c2256bb4e85ed69936b316be) Importer(815301076,1909f56bfc062723c751e8b465ee728b)  -> (artifact id: '1d2e21d53cd47d585fbc553d5ff03484') in 0.139382 seconds 
========================================================================
Received Import Request.
  Time since last request: 178.284349 seconds.
  path: Assets/Maqueta/AR_Agua/Modelos/Clip3/TerrenoCascada.png
  artifactKey: Guid(4128f370826037949be77e87a37bd497) Importer(815301076,1909f56bfc062723c751e8b465ee728b)
Start importing Assets/Maqueta/AR_Agua/Modelos/Clip3/TerrenoCascada.png using Guid(4128f370826037949be77e87a37bd497) Importer(815301076,1909f56bfc062723c751e8b465ee728b)  -> (artifact id: '86c107e3c2b5ce8121e52921b0d06323') in 0.024949 seconds 
========================================================================
Received Import Request.
  Time since last request: 136.970677 seconds.
  path: Assets/Maqueta/AR_Agua/Modelos/Clip4/Hum_Bata.fbx
  artifactKey: Guid(06c257542b3dff54997168800cf4b457) Importer(815301076,1909f56bfc062723c751e8b465ee728b)
Start importing Assets/Maqueta/AR_Agua/Modelos/Clip4/Hum_Bata.fbx using Guid(06c257542b3dff54997168800cf4b457) Importer(815301076,1909f56bfc062723c751e8b465ee728b)  -> (artifact id: 'c9ac1ceef1ca648e9c6d8417b17cea50') in 0.533508 seconds 
========================================================================
Received Import Request.
  Time since last request: 2025.239345 seconds.
  path: Assets/Mural/laxer tree pkg/Models/baum hd med fbx.fbx
  artifactKey: Guid(8606c21208a6abf4aa86e39e9938598b) Importer(815301076,1909f56bfc062723c751e8b465ee728b)
Start importing Assets/Mural/laxer tree pkg/Models/baum hd med fbx.fbx using Guid(8606c21208a6abf4aa86e39e9938598b) Importer(815301076,1909f56bfc062723c751e8b465ee728b)  -> (artifact id: '6be7568531f077c971adb3f10d1ad7e4') in 0.274127 seconds 
========================================================================
Received Import Request.
  Time since last request: 1.242205 seconds.
  path: Assets/Mural/laxer tree pkg/Mobile/baum ld1 mobile.prefab
  artifactKey: Guid(23062208c1e1ace4d9e5270be8b68dcb) Importer(815301076,1909f56bfc062723c751e8b465ee728b)
Start importing Assets/Mural/laxer tree pkg/Mobile/baum ld1 mobile.prefab using Guid(23062208c1e1ace4d9e5270be8b68dcb) Importer(815301076,1909f56bfc062723c751e8b465ee728b)  -> (artifact id: 'dbf9b1bcd8d7689127d2d91a5467614b') in 2.697613 seconds 
========================================================================
Received Import Request.
  Time since last request: 45.275877 seconds.
  path: Assets/Maqueta/AR_Agua/Modelos/Clip4/baum ld1 mobile.prefab
  artifactKey: Guid(e4d4610072adce2459c33af573919a79) Importer(815301076,1909f56bfc062723c751e8b465ee728b)
Start importing Assets/Maqueta/AR_Agua/Modelos/Clip4/baum ld1 mobile.prefab using Guid(e4d4610072adce2459c33af573919a79) Importer(815301076,1909f56bfc062723c751e8b465ee728b)  -> (artifact id: '24bd03e0881ee7ed35ac2ef2801c84a4') in 0.024469 seconds 
========================================================================
Received Import Request.
  Time since last request: 458.782266 seconds.
  path: Assets/Mural/laxer tree pkg/Models/Materials/ast3.mat
  artifactKey: Guid(c575968aacb53144381d64ddfaa6c2f6) Importer(815301076,1909f56bfc062723c751e8b465ee728b)
Start importing Assets/Mural/laxer tree pkg/Models/Materials/ast3.mat using Guid(c575968aacb53144381d64ddfaa6c2f6) Importer(815301076,1909f56bfc062723c751e8b465ee728b)  -> (artifact id: 'a5c2e38582dd3d9175fcfcb4ac87dd2b') in 0.143237 seconds 
========================================================================
Received Import Request.
  Time since last request: 0.000040 seconds.
  path: Assets/Mural/laxer tree pkg/Models/Materials/ast4.mat
  artifactKey: Guid(3c6caab7cf56b024097f005008285518) Importer(815301076,1909f56bfc062723c751e8b465ee728b)
Start importing Assets/Mural/laxer tree pkg/Models/Materials/ast4.mat using Guid(3c6caab7cf56b024097f005008285518) Importer(815301076,1909f56bfc062723c751e8b465ee728b)  -> (artifact id: '9fd27f3605a93e9c9caa30c4d40ec1f6') in 0.021648 seconds 
========================================================================
Received Import Request.
  Time since last request: 0.000046 seconds.
  path: Assets/Mural/laxer tree pkg/Models/Materials/ast5 lw.mat
  artifactKey: Guid(3509f5c76776147409e86d25a1d3af9d) Importer(815301076,1909f56bfc062723c751e8b465ee728b)
Start importing Assets/Mural/laxer tree pkg/Models/Materials/ast5 lw.mat using Guid(3509f5c76776147409e86d25a1d3af9d) Importer(815301076,1909f56bfc062723c751e8b465ee728b)  -> (artifact id: '7ce0558111fa13a597157e42d371b879') in 0.021584 seconds 
========================================================================
Received Import Request.
  Time since last request: 4.299307 seconds.
  path: Assets/Mural/laxer tree pkg/Models/Materials/ast4 lw 1.mat
  artifactKey: Guid(2f69b1aafc5b4024f8f3b82a006c042c) Importer(815301076,1909f56bfc062723c751e8b465ee728b)
Start importing Assets/Mural/laxer tree pkg/Models/Materials/ast4 lw 1.mat using Guid(2f69b1aafc5b4024f8f3b82a006c042c) Importer(815301076,1909f56bfc062723c751e8b465ee728b)  -> (artifact id: '28261c59c2942e6ddbd90fcf77ac8d1b') in 0.022307 seconds 
========================================================================
Received Import Request.
  Time since last request: 0.000062 seconds.
  path: Assets/Mural/laxer tree pkg/Models/Materials/ast5 lw 1.mat
  artifactKey: Guid(3d42ba70978bfad4b8412c1b2a64dad1) Importer(815301076,1909f56bfc062723c751e8b465ee728b)
Start importing Assets/Mural/laxer tree pkg/Models/Materials/ast5 lw 1.mat using Guid(3d42ba70978bfad4b8412c1b2a64dad1) Importer(815301076,1909f56bfc062723c751e8b465ee728b)  -> (artifact id: '2bc3ea01b033b8a630397c4c43df985d') in 0.018999 seconds 
========================================================================
Received Import Request.
  Time since last request: 312.565246 seconds.
  path: Assets/Mural/laxer tree pkg/Models/Materials/ast4 lw 1.mat
  artifactKey: Guid(2f69b1aafc5b4024f8f3b82a006c042c) Importer(815301076,1909f56bfc062723c751e8b465ee728b)
Start importing Assets/Mural/laxer tree pkg/Models/Materials/ast4 lw 1.mat using Guid(2f69b1aafc5b4024f8f3b82a006c042c) Importer(815301076,1909f56bfc062723c751e8b465ee728b)  -> (artifact id: '56a36ef86d4074ac4a121f2b4e11a060') in 0.024230 seconds 
