Using pre-set license
Built from '2021.3/staging' branch; Version is '2021.3.9f1 (ad3870b89536) revision 11352176'; Using compiler version '192829333'; Build Type 'Release'
OS: 'Windows 10  (10.0.19045) 64bit CoreSingleLanguage' Language: 'es' Physical Memory: 16221 MB
BatchMode: 1, IsHumanControllingUs: 0, StartBugReporterOnCrash: 0, Is64bit: 1, IsPro: 1

COMMAND LINE ARGUMENTS:
C:\Program Files\Unity 2021.3.9f1\Editor\Unity.exe
-adb2
-batchMode
-noUpm
-name
AssetImportWorker4
-projectPath
D:/Users/Acer/Documents/Proyectos/ecopetrol/EcoZonaAR
-logFile
Logs/AssetImportWorker4.log
-srvPort
60223
Successfully changed project path to: D:/Users/Acer/Documents/Proyectos/ecopetrol/EcoZonaAR
D:/Users/Acer/Documents/Proyectos/ecopetrol/EcoZonaAR
[UnityMemory] Configuration Parameters - Can be set up in boot.config
    "memorysetup-bucket-allocator-granularity=16"
    "memorysetup-bucket-allocator-bucket-count=8"
    "memorysetup-bucket-allocator-block-size=33554432"
    "memorysetup-bucket-allocator-block-count=8"
    "memorysetup-main-allocator-block-size=16777216"
    "memorysetup-thread-allocator-block-size=16777216"
    "memorysetup-gfx-main-allocator-block-size=16777216"
    "memorysetup-gfx-thread-allocator-block-size=16777216"
    "memorysetup-cache-allocator-block-size=4194304"
    "memorysetup-typetree-allocator-block-size=2097152"
    "memorysetup-profiler-bucket-allocator-granularity=16"
    "memorysetup-profiler-bucket-allocator-bucket-count=8"
    "memorysetup-profiler-bucket-allocator-block-size=33554432"
    "memorysetup-profiler-bucket-allocator-block-count=8"
    "memorysetup-profiler-allocator-block-size=16777216"
    "memorysetup-profiler-editor-allocator-block-size=1048576"
    "memorysetup-temp-allocator-size-main=16777216"
    "memorysetup-job-temp-allocator-block-size=2097152"
    "memorysetup-job-temp-allocator-block-size-background=1048576"
    "memorysetup-job-temp-allocator-reduction-small-platforms=262144"
    "memorysetup-temp-allocator-size-background-worker=32768"
    "memorysetup-temp-allocator-size-job-worker=262144"
    "memorysetup-temp-allocator-size-preload-manager=33554432"
    "memorysetup-temp-allocator-size-nav-mesh-worker=65536"
    "memorysetup-temp-allocator-size-audio-worker=65536"
    "memorysetup-temp-allocator-size-cloud-worker=32768"
    "memorysetup-temp-allocator-size-gi-baking-worker=262144"
    "memorysetup-temp-allocator-size-gfx=262144"
Refreshing native plugins compatible for Editor in 424.39 ms, found 9 plugins.
Preloading 2 native plugins for Editor in 6.68 ms.
Initialize engine version: 2021.3.9f1 (ad3870b89536)
[Subsystems] Discovering subsystems at path C:/Program Files/Unity 2021.3.9f1/Editor/Data/Resources/UnitySubsystems
[Subsystems] Discovering subsystems at path D:/Users/Acer/Documents/Proyectos/ecopetrol/EcoZonaAR/Assets
GfxDevice: creating device client; threaded=0; jobified=0
Direct3D:
    Version:  Direct3D 11.0 [level 11.1]
    Renderer: NVIDIA GeForce GTX 1650 (ID=0x1f91)
    Vendor:   NVIDIA
    VRAM:     3949 MB
    Driver:   31.0.15.3141
Initialize mono
Mono path[0] = 'C:/Program Files/Unity 2021.3.9f1/Editor/Data/Managed'
Mono path[1] = 'C:/Program Files/Unity 2021.3.9f1/Editor/Data/MonoBleedingEdge/lib/mono/unityjit-win32'
Mono config path = 'C:/Program Files/Unity 2021.3.9f1/Editor/Data/MonoBleedingEdge/etc'
Using monoOptions --debugger-agent=transport=dt_socket,embedding=1,server=y,suspend=n,address=127.0.0.1:56272
Begin MonoManager ReloadAssembly
Registering precompiled unity dll's ...
Register platform support module: C:/Program Files/Unity 2021.3.9f1/Editor/Data/PlaybackEngines/AndroidPlayer/UnityEditor.Android.Extensions.dll
Register platform support module: C:/Program Files/Unity 2021.3.9f1/Editor/Data/PlaybackEngines/iOSSupport/UnityEditor.iOS.Extensions.dll
Register platform support module: C:/Program Files/Unity 2021.3.9f1/Editor/Data/PlaybackEngines/WindowsStandaloneSupport/UnityEditor.WindowsStandalone.Extensions.dll
Registered in 0.012191 seconds.
Native extension for WindowsStandalone target not found
[usbmuxd] Start listen thread
[usbmuxd] Listen thread started
Native extension for iOS target not found
Native extension for Android target not found
Refreshing native plugins compatible for Editor in 668.13 ms, found 9 plugins.
Preloading 2 native plugins for Editor in 0.16 ms.
Mono: successfully reloaded assembly
- Completed reload, in  2.777 seconds
Domain Reload Profiling:
	ReloadAssembly (2778ms)
		BeginReloadAssembly (162ms)
			ExecutionOrderSort (0ms)
			DisableScriptedObjects (0ms)
			BackupInstance (0ms)
			ReleaseScriptingObjects (0ms)
			CreateAndSetChildDomain (2ms)
		EndReloadAssembly (2395ms)
			LoadAssemblies (156ms)
			RebuildTransferFunctionScriptingTraits (0ms)
			SetupTypeCache (299ms)
			ReleaseScriptCaches (0ms)
			RebuildScriptCaches (153ms)
			SetupLoadedEditorAssemblies (1766ms)
				LogAssemblyErrors (0ms)
				InitializePlatformSupportModulesInManaged (229ms)
				SetLoadedEditorAssemblies (1ms)
				RefreshPlugins (668ms)
				BeforeProcessingInitializeOnLoad (3ms)
				ProcessInitializeOnLoadAttributes (631ms)
				ProcessInitializeOnLoadMethodAttributes (233ms)
				AfterProcessingInitializeOnLoad (0ms)
				EditorAssembliesLoaded (0ms)
			ExecutionOrderSort2 (0ms)
			AwakeInstancesAfterBackupRestoration (0ms)
Platform modules already initialized, skipping
Registering precompiled user dll's ...
Registered in 0.057235 seconds.
Android Extension - Scanning For ADB Devices 6730 ms
Begin MonoManager ReloadAssembly
Symbol file LoadedFromMemory doesn't match image D:\Users\Acer\Documents\Proyectos\ecopetrol\EcoZonaAR\Library\PackageCache\com.unity.visualscripting@1.7.8\Editor\VisualScripting.Core\Dependencies\DotNetZip\Unity.VisualScripting.IonicZip.dll
Symbol file LoadedFromMemory doesn't match image D:\Users\Acer\Documents\Proyectos\ecopetrol\EcoZonaAR\Library\PackageCache\com.unity.visualscripting@1.7.8\Editor\VisualScripting.Core\Dependencies\YamlDotNet\Unity.VisualScripting.YamlDotNet.dll
Native extension for WindowsStandalone target not found
Native extension for iOS target not found
Native extension for Android target not found
Refreshing native plugins compatible for Editor in 394.41 ms, found 9 plugins.
Preloading 2 native plugins for Editor in 0.11 ms.
Mono: successfully reloaded assembly
- Completed reload, in  3.991 seconds
Domain Reload Profiling:
	ReloadAssembly (3994ms)
		BeginReloadAssembly (347ms)
			ExecutionOrderSort (0ms)
			DisableScriptedObjects (14ms)
			BackupInstance (0ms)
			ReleaseScriptingObjects (1ms)
			CreateAndSetChildDomain (53ms)
		EndReloadAssembly (3289ms)
			LoadAssemblies (297ms)
			RebuildTransferFunctionScriptingTraits (0ms)
			SetupTypeCache (819ms)
			ReleaseScriptCaches (2ms)
			RebuildScriptCaches (185ms)
			SetupLoadedEditorAssemblies (1941ms)
				LogAssemblyErrors (0ms)
				InitializePlatformSupportModulesInManaged (55ms)
				SetLoadedEditorAssemblies (0ms)
				RefreshPlugins (395ms)
				BeforeProcessingInitializeOnLoad (320ms)
				ProcessInitializeOnLoadAttributes (904ms)
				ProcessInitializeOnLoadMethodAttributes (244ms)
				AfterProcessingInitializeOnLoad (22ms)
				EditorAssembliesLoaded (0ms)
			ExecutionOrderSort2 (0ms)
			AwakeInstancesAfterBackupRestoration (16ms)
Platform modules already initialized, skipping
========================================================================
Worker process is ready to serve import requests
Launched and connected shader compiler UnityShaderCompiler.exe after 0.18 seconds
Refreshing native plugins compatible for Editor in 4.81 ms, found 9 plugins.
Preloading 2 native plugins for Editor in 0.16 ms.
Unloading 6380 Unused Serialized files (Serialized files now loaded: 0)
Unloading 87 unused Assets / (2.3 MB). Loaded Objects now: 7121.
Memory consumption went from 289.6 MB to 287.3 MB.
Total: 23.193700 ms (FindLiveObjects: 1.296700 ms CreateObjectMapping: 2.083100 ms MarkObjects: 17.615700 ms  DeleteObjects: 2.196600 ms)

AssetImportParameters requested are different than current active one (requested -> active):
  custom:video-decoder-ogg-theora: a1e56fd34408186e4bbccfd4996cb3dc -> 
  custom:container-muxer-webm: aa71ff27fc2769a1b78a27578f13a17b -> 
  custom:container-demuxer-webm: 4f35f7cbe854078d1ac9338744f61a02 -> 
  custom:video-encoder-webm-vp8: eb34c28f22e8b96e1ab97ce403110664 -> 
  custom:audio-encoder-webm-vorbis: bf7c407c2cedff20999df2af8eb42d56 -> 
  custom:framework-win-MediaFoundation: 216162199b28c13a410421893ffa2e32 -> 
  custom:container-demuxer-ogg: 62fdf1f143b41e24485cea50d1cbac27 -> 
  custom:video-decoder-webm-vp8: 9c59270c3fd7afecdb556c50c9e8de78 -> 
  custom:audio-decoder-ogg-vorbis: bf7c407c2cedff20999df2af8eb42d56 -> 
========================================================================
Received Import Request.
  Time since last request: 28340.277469 seconds.
  path: Assets/Maqueta/escenas/carlos/Tanque-AGUA.fbx
  artifactKey: Guid(407b252ab6f43304aa5f80633806b2dc) Importer(815301076,1909f56bfc062723c751e8b465ee728b)
Start importing Assets/Maqueta/escenas/carlos/Tanque-AGUA.fbx using Guid(407b252ab6f43304aa5f80633806b2dc) Importer(815301076,1909f56bfc062723c751e8b465ee728b)  -> (artifact id: 'a5109a96683b261d38b0198c8cb0f43c') in 3.290498 seconds 
========================================================================
Received Import Request.
  Time since last request: 0.000068 seconds.
  path: Assets/Maqueta/escenas/carlos/Maquina-aire.fbx
  artifactKey: Guid(543c1fcd50c84b746a8fd4b524c89a5b) Importer(815301076,1909f56bfc062723c751e8b465ee728b)
Start importing Assets/Maqueta/escenas/carlos/Maquina-aire.fbx using Guid(543c1fcd50c84b746a8fd4b524c89a5b) Importer(815301076,1909f56bfc062723c751e8b465ee728b)  -> (artifact id: 'ab7f4409abc79156e34e80689ff299cd') in 2.900923 seconds 
========================================================================
Received Import Request.
  Time since last request: 0.000060 seconds.
  path: Assets/Maqueta/escenas/carlos/bombeo.fbx
  artifactKey: Guid(ff70224e364e600478163992fb6f7da7) Importer(815301076,1909f56bfc062723c751e8b465ee728b)
Start importing Assets/Maqueta/escenas/carlos/bombeo.fbx using Guid(ff70224e364e600478163992fb6f7da7) Importer(815301076,1909f56bfc062723c751e8b465ee728b)  -> (artifact id: 'e7a77d52f4102901e4fe2769f5a5d2bf') in 3.557235 seconds 
========================================================================
Received Import Request.
  Time since last request: 0.000065 seconds.
  path: Assets/Maqueta/escenas/carlos/Escenario-6.fbx
  artifactKey: Guid(22ec131ef69ebe94983588787b908ee7) Importer(815301076,1909f56bfc062723c751e8b465ee728b)
Start importing Assets/Maqueta/escenas/carlos/Escenario-6.fbx using Guid(22ec131ef69ebe94983588787b908ee7) Importer(815301076,1909f56bfc062723c751e8b465ee728b)  -> (artifact id: '4aa5fe15db19714f849f1ec0ed569015') in 5.926193 seconds 
========================================================================
Received Import Request.
  Time since last request: 0.000076 seconds.
  path: Assets/Maqueta/escenas/carlos/Escenario-2.fbx
  artifactKey: Guid(93166f892485c394f9c435bdd11da47d) Importer(815301076,1909f56bfc062723c751e8b465ee728b)
Start importing Assets/Maqueta/escenas/carlos/Escenario-2.fbx using Guid(93166f892485c394f9c435bdd11da47d) Importer(815301076,1909f56bfc062723c751e8b465ee728b)  -> (artifact id: '6370e858d5c289d4e084fc5d3f153b39') in 1.175729 seconds 
========================================================================
Received Import Request.
  Time since last request: 0.000051 seconds.
  path: Assets/Maqueta/escenas/carlos/Talking-mujer-2-1.fbx
  artifactKey: Guid(ee5da4a4063af0f43bc0161dc8160614) Importer(815301076,1909f56bfc062723c751e8b465ee728b)
Start importing Assets/Maqueta/escenas/carlos/Talking-mujer-2-1.fbx using Guid(ee5da4a4063af0f43bc0161dc8160614) Importer(815301076,1909f56bfc062723c751e8b465ee728b)  -> (artifact id: '0fbad47c08a75b974ac23c2ed068c1cf') in 3.813369 seconds 
========================================================================
Received Import Request.
  Time since last request: 0.000058 seconds.
  path: Assets/Maqueta/escenas/carlos/bombeo 1.fbx
  artifactKey: Guid(7ef7d6d69a33d264cb8587455a3167f8) Importer(815301076,1909f56bfc062723c751e8b465ee728b)
Start importing Assets/Maqueta/escenas/carlos/bombeo 1.fbx using Guid(7ef7d6d69a33d264cb8587455a3167f8) Importer(815301076,1909f56bfc062723c751e8b465ee728b)  -> (artifact id: '98b53d26f99bfa2bca4f5e85bcfb1d89') in 4.496546 seconds 
========================================================================
Received Import Request.
  Time since last request: 0.000041 seconds.
  path: Assets/Maqueta/escenas/carlos/Escenario-6 (2).fbx
  artifactKey: Guid(f09d38221896ca347bd292d02ebc1eae) Importer(815301076,1909f56bfc062723c751e8b465ee728b)
Start importing Assets/Maqueta/escenas/carlos/Escenario-6 (2).fbx using Guid(f09d38221896ca347bd292d02ebc1eae) Importer(815301076,1909f56bfc062723c751e8b465ee728b)  -> (artifact id: '5b497945a2688d447112dee770d2839b') in 1.681185 seconds 
========================================================================
Received Import Request.
  Time since last request: 0.000054 seconds.
  path: Assets/Maqueta/escenas/carlos/Talking-hombre-2-1.fbx
  artifactKey: Guid(22beb8ab100cd2442bb4a8478e283549) Importer(815301076,1909f56bfc062723c751e8b465ee728b)
Start importing Assets/Maqueta/escenas/carlos/Talking-hombre-2-1.fbx using Guid(22beb8ab100cd2442bb4a8478e283549) Importer(815301076,1909f56bfc062723c751e8b465ee728b)  -> (artifact id: 'f78ec8794c890f4cecb684f2609ea8e0') in 1.204438 seconds 
========================================================================
Received Import Request.
  Time since last request: 0.000042 seconds.
  path: Assets/Maqueta/escenas/carlos/Escenario-3.fbx
  artifactKey: Guid(842078126839a3c48b004ebf14973f00) Importer(815301076,1909f56bfc062723c751e8b465ee728b)
Start importing Assets/Maqueta/escenas/carlos/Escenario-3.fbx using Guid(842078126839a3c48b004ebf14973f00) Importer(815301076,1909f56bfc062723c751e8b465ee728b)  -> (artifact id: 'a50de5801f6a2a7d1d4f62d6b0f8f07b') in 3.371183 seconds 
========================================================================
Received Import Request.
  Time since last request: 0.000518 seconds.
  path: Assets/Maqueta/escenas/carlos/Tubo-transparente.fbx
  artifactKey: Guid(e5163f5cc5d45bb4c9e4ae742554f462) Importer(815301076,1909f56bfc062723c751e8b465ee728b)
Start importing Assets/Maqueta/escenas/carlos/Tubo-transparente.fbx using Guid(e5163f5cc5d45bb4c9e4ae742554f462) Importer(815301076,1909f56bfc062723c751e8b465ee728b)  -> (artifact id: '7a6bd083ed28955c7103233251f479aa') in 0.154384 seconds 
========================================================================
Received Prepare
Registering precompiled user dll's ...
Registered in 0.026493 seconds.
Begin MonoManager ReloadAssembly
Symbol file LoadedFromMemory doesn't match image D:\Users\Acer\Documents\Proyectos\ecopetrol\EcoZonaAR\Library\PackageCache\com.unity.visualscripting@1.7.8\Editor\VisualScripting.Core\Dependencies\DotNetZip\Unity.VisualScripting.IonicZip.dll
Symbol file LoadedFromMemory doesn't match image D:\Users\Acer\Documents\Proyectos\ecopetrol\EcoZonaAR\Library\PackageCache\com.unity.visualscripting@1.7.8\Editor\VisualScripting.Core\Dependencies\YamlDotNet\Unity.VisualScripting.YamlDotNet.dll
Native extension for WindowsStandalone target not found
Native extension for iOS target not found
Native extension for Android target not found
Refreshing native plugins compatible for Editor in 11.46 ms, found 9 plugins.
Preloading 2 native plugins for Editor in 0.18 ms.
Mono: successfully reloaded assembly
- Completed reload, in  6.747 seconds
Domain Reload Profiling:
	ReloadAssembly (6748ms)
		BeginReloadAssembly (468ms)
			ExecutionOrderSort (0ms)
			DisableScriptedObjects (28ms)
			BackupInstance (0ms)
			ReleaseScriptingObjects (3ms)
			CreateAndSetChildDomain (146ms)
		EndReloadAssembly (5898ms)
			LoadAssemblies (362ms)
			RebuildTransferFunctionScriptingTraits (1ms)
			SetupTypeCache (1273ms)
			ReleaseScriptCaches (5ms)
			RebuildScriptCaches (202ms)
			SetupLoadedEditorAssemblies (3262ms)
				LogAssemblyErrors (0ms)
				InitializePlatformSupportModulesInManaged (206ms)
				SetLoadedEditorAssemblies (3ms)
				RefreshPlugins (12ms)
				BeforeProcessingInitializeOnLoad (562ms)
				ProcessInitializeOnLoadAttributes (1877ms)
				ProcessInitializeOnLoadMethodAttributes (523ms)
				AfterProcessingInitializeOnLoad (71ms)
				EditorAssembliesLoaded (8ms)
			ExecutionOrderSort2 (0ms)
			AwakeInstancesAfterBackupRestoration (114ms)
Platform modules already initialized, skipping
Refreshing native plugins compatible for Editor in 21.18 ms, found 9 plugins.
Preloading 2 native plugins for Editor in 0.12 ms.
Unloading 6168 Unused Serialized files (Serialized files now loaded: 0)
Unloading 79 unused Assets / (2.3 MB). Loaded Objects now: 7219.
Memory consumption went from 294.0 MB to 291.8 MB.
Total: 20.564400 ms (FindLiveObjects: 1.010300 ms CreateObjectMapping: 0.887400 ms MarkObjects: 17.165700 ms  DeleteObjects: 1.499400 ms)

AssetImportParameters requested are different than current active one (requested -> active):
  custom:video-decoder-ogg-theora: a1e56fd34408186e4bbccfd4996cb3dc -> 
  custom:container-muxer-webm: aa71ff27fc2769a1b78a27578f13a17b -> 
  custom:container-demuxer-webm: 4f35f7cbe854078d1ac9338744f61a02 -> 
  custom:video-encoder-webm-vp8: eb34c28f22e8b96e1ab97ce403110664 -> 
  custom:audio-encoder-webm-vorbis: bf7c407c2cedff20999df2af8eb42d56 -> 
  custom:framework-win-MediaFoundation: 216162199b28c13a410421893ffa2e32 -> 
  custom:container-demuxer-ogg: 62fdf1f143b41e24485cea50d1cbac27 -> 
  custom:video-decoder-webm-vp8: 9c59270c3fd7afecdb556c50c9e8de78 -> 
  custom:audio-decoder-ogg-vorbis: bf7c407c2cedff20999df2af8eb42d56 -> 
========================================================================
Received Prepare
Registering precompiled user dll's ...
Registered in 0.036780 seconds.
Begin MonoManager ReloadAssembly
Symbol file LoadedFromMemory doesn't match image D:\Users\Acer\Documents\Proyectos\ecopetrol\EcoZonaAR\Library\PackageCache\com.unity.visualscripting@1.7.8\Editor\VisualScripting.Core\Dependencies\DotNetZip\Unity.VisualScripting.IonicZip.dll
Symbol file LoadedFromMemory doesn't match image D:\Users\Acer\Documents\Proyectos\ecopetrol\EcoZonaAR\Library\PackageCache\com.unity.visualscripting@1.7.8\Editor\VisualScripting.Core\Dependencies\YamlDotNet\Unity.VisualScripting.YamlDotNet.dll
Native extension for WindowsStandalone target not found
Native extension for iOS target not found
Native extension for Android target not found
Refreshing native plugins compatible for Editor in 3.31 ms, found 9 plugins.
Preloading 2 native plugins for Editor in 0.14 ms.
Mono: successfully reloaded assembly
- Completed reload, in  3.129 seconds
Domain Reload Profiling:
	ReloadAssembly (3131ms)
		BeginReloadAssembly (312ms)
			ExecutionOrderSort (0ms)
			DisableScriptedObjects (9ms)
			BackupInstance (0ms)
			ReleaseScriptingObjects (0ms)
			CreateAndSetChildDomain (103ms)
		EndReloadAssembly (2553ms)
			LoadAssemblies (225ms)
			RebuildTransferFunctionScriptingTraits (0ms)
			SetupTypeCache (775ms)
			ReleaseScriptCaches (4ms)
			RebuildScriptCaches (128ms)
			SetupLoadedEditorAssemblies (1223ms)
				LogAssemblyErrors (0ms)
				InitializePlatformSupportModulesInManaged (72ms)
				SetLoadedEditorAssemblies (1ms)
				RefreshPlugins (4ms)
				BeforeProcessingInitializeOnLoad (227ms)
				ProcessInitializeOnLoadAttributes (718ms)
				ProcessInitializeOnLoadMethodAttributes (179ms)
				AfterProcessingInitializeOnLoad (21ms)
				EditorAssembliesLoaded (0ms)
			ExecutionOrderSort2 (0ms)
			AwakeInstancesAfterBackupRestoration (35ms)
Platform modules already initialized, skipping
Refreshing native plugins compatible for Editor in 16.93 ms, found 9 plugins.
Preloading 2 native plugins for Editor in 0.11 ms.
Unloading 6169 Unused Serialized files (Serialized files now loaded: 0)
Unloading 79 unused Assets / (2.3 MB). Loaded Objects now: 7222.
Memory consumption went from 294.1 MB to 291.8 MB.
Total: 10.935100 ms (FindLiveObjects: 1.051200 ms CreateObjectMapping: 0.862500 ms MarkObjects: 7.670900 ms  DeleteObjects: 1.348700 ms)

AssetImportParameters requested are different than current active one (requested -> active):
  custom:video-decoder-ogg-theora: a1e56fd34408186e4bbccfd4996cb3dc -> 
  custom:container-muxer-webm: aa71ff27fc2769a1b78a27578f13a17b -> 
  custom:container-demuxer-webm: 4f35f7cbe854078d1ac9338744f61a02 -> 
  custom:video-encoder-webm-vp8: eb34c28f22e8b96e1ab97ce403110664 -> 
  custom:audio-encoder-webm-vorbis: bf7c407c2cedff20999df2af8eb42d56 -> 
  custom:framework-win-MediaFoundation: 216162199b28c13a410421893ffa2e32 -> 
  custom:container-demuxer-ogg: 62fdf1f143b41e24485cea50d1cbac27 -> 
  custom:video-decoder-webm-vp8: 9c59270c3fd7afecdb556c50c9e8de78 -> 
  custom:audio-decoder-ogg-vorbis: bf7c407c2cedff20999df2af8eb42d56 -> 
========================================================================
Received Prepare
Refreshing native plugins compatible for Editor in 37.78 ms, found 9 plugins.
Preloading 2 native plugins for Editor in 0.13 ms.
Unloading 80 Unused Serialized files (Serialized files now loaded: 0)
Unloading 79 unused Assets / (2.3 MB). Loaded Objects now: 7223.
Memory consumption went from 170.2 MB to 167.9 MB.
Total: 46.328100 ms (FindLiveObjects: 0.893700 ms CreateObjectMapping: 0.879500 ms MarkObjects: 43.094100 ms  DeleteObjects: 1.459200 ms)

AssetImportParameters requested are different than current active one (requested -> active):
  custom:video-decoder-ogg-theora: a1e56fd34408186e4bbccfd4996cb3dc -> 
  custom:container-muxer-webm: aa71ff27fc2769a1b78a27578f13a17b -> 
  custom:container-demuxer-webm: 4f35f7cbe854078d1ac9338744f61a02 -> 
  custom:video-encoder-webm-vp8: eb34c28f22e8b96e1ab97ce403110664 -> 
  custom:audio-encoder-webm-vorbis: bf7c407c2cedff20999df2af8eb42d56 -> 
  custom:framework-win-MediaFoundation: 216162199b28c13a410421893ffa2e32 -> 
  custom:container-demuxer-ogg: 62fdf1f143b41e24485cea50d1cbac27 -> 
  custom:video-decoder-webm-vp8: 9c59270c3fd7afecdb556c50c9e8de78 -> 
  custom:audio-decoder-ogg-vorbis: bf7c407c2cedff20999df2af8eb42d56 -> 
========================================================================
Received Prepare
Registering precompiled user dll's ...
Registered in 0.046824 seconds.
Begin MonoManager ReloadAssembly
Symbol file LoadedFromMemory doesn't match image D:\Users\Acer\Documents\Proyectos\ecopetrol\EcoZonaAR\Library\PackageCache\com.unity.visualscripting@1.7.8\Editor\VisualScripting.Core\Dependencies\DotNetZip\Unity.VisualScripting.IonicZip.dll
Symbol file LoadedFromMemory doesn't match image D:\Users\Acer\Documents\Proyectos\ecopetrol\EcoZonaAR\Library\PackageCache\com.unity.visualscripting@1.7.8\Editor\VisualScripting.Core\Dependencies\YamlDotNet\Unity.VisualScripting.YamlDotNet.dll
Native extension for WindowsStandalone target not found
Native extension for iOS target not found
Native extension for Android target not found
Refreshing native plugins compatible for Editor in 7.91 ms, found 9 plugins.
Preloading 2 native plugins for Editor in 0.38 ms.
Mono: successfully reloaded assembly
- Completed reload, in 24.401 seconds
Domain Reload Profiling:
	ReloadAssembly (24403ms)
		BeginReloadAssembly (558ms)
			ExecutionOrderSort (0ms)
			DisableScriptedObjects (30ms)
			BackupInstance (0ms)
			ReleaseScriptingObjects (0ms)
			CreateAndSetChildDomain (91ms)
		EndReloadAssembly (22509ms)
			LoadAssemblies (9479ms)
			RebuildTransferFunctionScriptingTraits (0ms)
			SetupTypeCache (1992ms)
			ReleaseScriptCaches (8ms)
			RebuildScriptCaches (869ms)
			SetupLoadedEditorAssemblies (8270ms)
				LogAssemblyErrors (0ms)
				InitializePlatformSupportModulesInManaged (415ms)
				SetLoadedEditorAssemblies (1ms)
				RefreshPlugins (10ms)
				BeforeProcessingInitializeOnLoad (2145ms)
				ProcessInitializeOnLoadAttributes (2970ms)
				ProcessInitializeOnLoadMethodAttributes (2305ms)
				AfterProcessingInitializeOnLoad (411ms)
				EditorAssembliesLoaded (12ms)
			ExecutionOrderSort2 (0ms)
			AwakeInstancesAfterBackupRestoration (307ms)
Platform modules already initialized, skipping
Refreshing native plugins compatible for Editor in 191.40 ms, found 9 plugins.
Preloading 2 native plugins for Editor in 0.09 ms.
Unloading 6169 Unused Serialized files (Serialized files now loaded: 0)
Unloading 80 unused Assets / (2.3 MB). Loaded Objects now: 7225.
Memory consumption went from 291.5 MB to 289.2 MB.
Total: 14.696300 ms (FindLiveObjects: 1.124000 ms CreateObjectMapping: 1.350200 ms MarkObjects: 10.711500 ms  DeleteObjects: 1.508600 ms)

AssetImportParameters requested are different than current active one (requested -> active):
  custom:video-decoder-ogg-theora: a1e56fd34408186e4bbccfd4996cb3dc -> 
  custom:container-muxer-webm: aa71ff27fc2769a1b78a27578f13a17b -> 
  custom:container-demuxer-webm: 4f35f7cbe854078d1ac9338744f61a02 -> 
  custom:video-encoder-webm-vp8: eb34c28f22e8b96e1ab97ce403110664 -> 
  custom:audio-encoder-webm-vorbis: bf7c407c2cedff20999df2af8eb42d56 -> 
  custom:framework-win-MediaFoundation: 216162199b28c13a410421893ffa2e32 -> 
  custom:container-demuxer-ogg: 62fdf1f143b41e24485cea50d1cbac27 -> 
  custom:video-decoder-webm-vp8: 9c59270c3fd7afecdb556c50c9e8de78 -> 
  custom:audio-decoder-ogg-vorbis: bf7c407c2cedff20999df2af8eb42d56 -> 
========================================================================
Received Prepare
Registering precompiled user dll's ...
Registered in 0.026626 seconds.
Begin MonoManager ReloadAssembly
Symbol file LoadedFromMemory doesn't match image D:\Users\Acer\Documents\Proyectos\ecopetrol\EcoZonaAR\Library\PackageCache\com.unity.visualscripting@1.7.8\Editor\VisualScripting.Core\Dependencies\DotNetZip\Unity.VisualScripting.IonicZip.dll
Symbol file LoadedFromMemory doesn't match image D:\Users\Acer\Documents\Proyectos\ecopetrol\EcoZonaAR\Library\PackageCache\com.unity.visualscripting@1.7.8\Editor\VisualScripting.Core\Dependencies\YamlDotNet\Unity.VisualScripting.YamlDotNet.dll
Native extension for WindowsStandalone target not found
Native extension for iOS target not found
Native extension for Android target not found
Refreshing native plugins compatible for Editor in 3.34 ms, found 9 plugins.
Preloading 2 native plugins for Editor in 0.14 ms.
Mono: successfully reloaded assembly
- Completed reload, in  4.966 seconds
Domain Reload Profiling:
	ReloadAssembly (4967ms)
		BeginReloadAssembly (491ms)
			ExecutionOrderSort (0ms)
			DisableScriptedObjects (12ms)
			BackupInstance (0ms)
			ReleaseScriptingObjects (0ms)
			CreateAndSetChildDomain (105ms)
		EndReloadAssembly (4002ms)
			LoadAssemblies (468ms)
			RebuildTransferFunctionScriptingTraits (0ms)
			SetupTypeCache (1581ms)
			ReleaseScriptCaches (5ms)
			RebuildScriptCaches (152ms)
			SetupLoadedEditorAssemblies (1367ms)
				LogAssemblyErrors (0ms)
				InitializePlatformSupportModulesInManaged (90ms)
				SetLoadedEditorAssemblies (1ms)
				RefreshPlugins (4ms)
				BeforeProcessingInitializeOnLoad (271ms)
				ProcessInitializeOnLoadAttributes (797ms)
				ProcessInitializeOnLoadMethodAttributes (185ms)
				AfterProcessingInitializeOnLoad (19ms)
				EditorAssembliesLoaded (1ms)
			ExecutionOrderSort2 (0ms)
			AwakeInstancesAfterBackupRestoration (64ms)
Platform modules already initialized, skipping
Refreshing native plugins compatible for Editor in 30.12 ms, found 9 plugins.
Preloading 2 native plugins for Editor in 0.14 ms.
Unloading 6169 Unused Serialized files (Serialized files now loaded: 0)
Unloading 79 unused Assets / (2.3 MB). Loaded Objects now: 7228.
Memory consumption went from 292.5 MB to 290.3 MB.
Total: 41.173700 ms (FindLiveObjects: 11.875500 ms CreateObjectMapping: 0.912800 ms MarkObjects: 22.913400 ms  DeleteObjects: 5.470000 ms)

AssetImportParameters requested are different than current active one (requested -> active):
  custom:video-decoder-ogg-theora: a1e56fd34408186e4bbccfd4996cb3dc -> 
  custom:container-muxer-webm: aa71ff27fc2769a1b78a27578f13a17b -> 
  custom:container-demuxer-webm: 4f35f7cbe854078d1ac9338744f61a02 -> 
  custom:video-encoder-webm-vp8: eb34c28f22e8b96e1ab97ce403110664 -> 
  custom:audio-encoder-webm-vorbis: bf7c407c2cedff20999df2af8eb42d56 -> 
  custom:framework-win-MediaFoundation: 216162199b28c13a410421893ffa2e32 -> 
  custom:container-demuxer-ogg: 62fdf1f143b41e24485cea50d1cbac27 -> 
  custom:video-decoder-webm-vp8: 9c59270c3fd7afecdb556c50c9e8de78 -> 
  custom:audio-decoder-ogg-vorbis: bf7c407c2cedff20999df2af8eb42d56 -> 
========================================================================
Received Prepare
Refreshing native plugins compatible for Editor in 64.57 ms, found 9 plugins.
Preloading 2 native plugins for Editor in 0.28 ms.
Unloading 80 Unused Serialized files (Serialized files now loaded: 0)
Unloading 79 unused Assets / (2.3 MB). Loaded Objects now: 7229.
Memory consumption went from 168.6 MB to 166.3 MB.
Total: 20.802300 ms (FindLiveObjects: 0.827600 ms CreateObjectMapping: 1.013800 ms MarkObjects: 15.232300 ms  DeleteObjects: 3.726100 ms)

AssetImportParameters requested are different than current active one (requested -> active):
  custom:video-decoder-ogg-theora: a1e56fd34408186e4bbccfd4996cb3dc -> 
  custom:container-muxer-webm: aa71ff27fc2769a1b78a27578f13a17b -> 
  custom:container-demuxer-webm: 4f35f7cbe854078d1ac9338744f61a02 -> 
  custom:video-encoder-webm-vp8: eb34c28f22e8b96e1ab97ce403110664 -> 
  custom:audio-encoder-webm-vorbis: bf7c407c2cedff20999df2af8eb42d56 -> 
  custom:framework-win-MediaFoundation: 216162199b28c13a410421893ffa2e32 -> 
  custom:container-demuxer-ogg: 62fdf1f143b41e24485cea50d1cbac27 -> 
  custom:video-decoder-webm-vp8: 9c59270c3fd7afecdb556c50c9e8de78 -> 
  custom:audio-decoder-ogg-vorbis: bf7c407c2cedff20999df2af8eb42d56 -> 
========================================================================
Received Prepare
Registering precompiled user dll's ...
Registered in 0.028909 seconds.
